=========================
[debug] Login ehome success...
[debug] Login one success...
[debug] Form loaded...
[debug] Checkbox checked...
[debug] Form Submitted...
[debug] 平安行动:填报健康信息(已完成)
[info] Checkin Success!
[info] End at 2020-07-03 23:39:21 +0800.
=========================

=========================
[debug] Login ehome success...
[debug] Login one success...
[debug] Form loaded...
[debug] Checkbox checked...
[debug] Form Submitted...
[debug] 平安行动:填报健康信息(已完成)
[info] Checkin Success!
[info] End at 2020-07-04 06:21:35 +0800.
=========================

=========================
[debug] Login ehome success...
[debug] Login one success...
[debug] Form loaded...
[debug] Checkbox checked...
[debug] Form Submitted...
[debug] 平安行动:填报健康信息(已完成)
[info] Checkin Success!
[info] End at 2020-07-04 07:21:20 +0800.
=========================

=========================
[debug] Login ehome success...
[debug] Login one success...
[debug] Form loaded...
[debug] Checkbox checked...
[debug] Form Submitted...
[debug] 平安行动:填报健康信息(已完成)
[info] Checkin Success!
[info] End at 2020-07-04 08:44:33 +0800.
=========================

